[2025-12-17 00:20:14:403][BMCommand   ][3 - Information] Create receive thread
[2025-12-17 00:20:14:404][BMCommand   ][3 - Information] Create receive thread success.
[2025-12-17 00:20:14:404][BMCommand   ][3 - Information] Connect Channel +++
[2025-12-17 00:20:14:405][BMCommand   ][3 - Information] Connect Channel ---
[2025-12-17 00:20:14:406][BMCommand   ][3 - Information] [INFO] FileID=HOST_FDL, operations for file type HOST_FDL 
[2025-12-17 00:20:14:407][BMCommand   ][3 - Information] HostConnect +++
[2025-12-17 00:20:14:407][BMCommand   ][3 - Information] Start to write host data.
[2025-12-17 00:20:14:407][BMCommand   ][3 - Information] Write host data end.
[2025-12-17 00:20:14:409][BMCommand   ][3 - Information] Read host ack end.
[2025-12-17 00:20:14:409][BMCommand   ][3 - Information] HostConnect ---
[2025-12-17 00:20:14:409][BMCommand   ][3 - Information] HostDownload +++
[2025-12-17 00:20:14:409][BMCommand   ][3 - Information] Start to write host data.
[2025-12-17 00:20:14:410][BMCommand   ][3 - Information] Write host data end.
[2025-12-17 00:20:14:413][BMCommand   ][3 - Information] Read host ack end.
[2025-12-17 00:20:14:413][BMCommand   ][3 - Information] Start to write host data.
[2025-12-17 00:20:14:415][BMCommand   ][3 - Information] Write host data end.
[2025-12-17 00:20:14:415][BMCommand   ][3 - Information] Read host ack end.
[2025-12-17 00:20:14:415][BMCommand   ][3 - Information] Start to write host data.
[2025-12-17 00:20:14:417][BMCommand   ][3 - Information] Write host data end.
[2025-12-17 00:20:14:417][BMCommand   ][3 - Information] Read host ack end.
[2025-12-17 00:20:14:417][BMCommand   ][3 - Information] Start to write host data.
[2025-12-17 00:20:14:419][BMCommand   ][3 - Information] Write host data end.
[2025-12-17 00:20:14:419][BMCommand   ][3 - Information] Read host ack end.
[2025-12-17 00:20:14:419][BMCommand   ][3 - Information] Start to write host data.
[2025-12-17 00:20:14:421][BMCommand   ][3 - Information] Write host data end.
[2025-12-17 00:20:14:421][BMCommand   ][3 - Information] Read host ack end.
[2025-12-17 00:20:14:421][BMCommand   ][3 - Information] Start to write host data.
[2025-12-17 00:20:14:425][BMCommand   ][3 - Information] Write host data end.
[2025-12-17 00:20:14:425][BMCommand   ][3 - Information] Read host ack end.
[2025-12-17 00:20:14:425][BMCommand   ][3 - Information] Start to write host data.
[2025-12-17 00:20:14:427][BMCommand   ][3 - Information] Write host data end.
[2025-12-17 00:20:14:427][BMCommand   ][3 - Information] Read host ack end.
[2025-12-17 00:20:14:427][BMCommand   ][3 - Information] Start to write host data.
[2025-12-17 00:20:14:428][BMCommand   ][3 - Information] Write host data end.
[2025-12-17 00:20:14:428][BMCommand   ][3 - Information] Read host ack end.
[2025-12-17 00:20:14:428][BMCommand   ][3 - Information] Start to write host data.
[2025-12-17 00:20:14:428][BMCommand   ][3 - Information] Write host data end.
[2025-12-17 00:20:14:429][BMCommand   ][3 - Information] Read host ack end.
[2025-12-17 00:20:14:429][BMCommand   ][3 - Information] HostDownload ---
[2025-12-17 00:20:14:429][BMCommand   ][3 - Information] HostExcute +++
[2025-12-17 00:20:14:429][BMCommand   ][3 - Information] Start to write host data.
[2025-12-17 00:20:14:430][BMCommand   ][3 - Information] Write host data end.
[2025-12-17 00:20:16:442][BMCommand   ][3 - Information] Read host ack end.
[2025-12-17 00:20:16:442][BMCommand   ][3 - Information] Excute downloaded file
[2025-12-17 00:20:16:442][BMCommand   ][3 - Information] HostExcute ---
[2025-12-17 00:20:16:442][BMCommand   ][3 - Information] ResetCRC +++
[2025-12-17 00:20:16:442][BMCommand   ][3 - Information] ResetCRC ---
[2025-12-17 00:20:16:442][BMCommand   ][3 - Information] Connect +++
[2025-12-17 00:20:16:443][BMCommand   ][3 - Information] Checkbaud append result: bCrcError(0),bNoTail(0),bInvalidLen(0)
[2025-12-17 00:20:16:443][BMCommand   ][3 - Information] Check Baudrate: Success.
[2025-12-17 00:20:16:445][BMCommand   ][3 - Information] Connect to Module: Success.
[2025-12-17 00:20:16:445][BMCommand   ][3 - Information] Connect ---
[2025-12-17 00:20:16:445][BMCommand   ][3 - Information] ChangeBaud +++
[2025-12-17 00:20:16:446][BMCommand   ][3 - Information] FDL:Change Baudrate( 921600 To 115200 ): Success.
[2025-12-17 00:20:16:951][BMCommand   ][3 - Information] BMPlatform:Change Baudrate( 115200 ): Success.
[2025-12-17 00:20:16:951][BMCommand   ][3 - Information] ChangeBaud ---
[2025-12-17 00:20:16:951][BMCommand   ][3 - Information] [INFO] FileID=FDL2, operations for file type FDL2 
[2025-12-17 00:20:16:952][BMCommand   ][3 - Information] Connect2 +++
[2025-12-17 00:20:16:952][BMCommand   ][3 - Information] Connect to Module: Success.
[2025-12-17 00:20:16:952][BMCommand   ][3 - Information] Connect2 ---
[2025-12-17 00:20:16:953][BMCommand   ][3 - Information] ChangeBaud +++
[2025-12-17 00:20:16:953][BMCommand   ][3 - Information] ChangeBaud ---
[2025-12-17 00:20:16:954][BMCommand   ][3 - Information] Download +++
[2025-12-17 00:20:16:955][BMCommand   ][3 - Information] Start Data( Base:0x00810000, Size:0x0000CBE0): Success.
[2025-12-17 00:20:16:968][BMCommand   ][3 - Information] Download (0x00000210): Success.
[2025-12-17 00:20:16:968][BMCommand   ][3 - Information] Download (0x00000420): Success.
[2025-12-17 00:20:16:969][BMCommand   ][3 - Information] Download (0x00000630): Success.
[2025-12-17 00:20:16:970][BMCommand   ][3 - Information] Download (0x00000840): Success.
[2025-12-17 00:20:16:971][BMCommand   ][3 - Information] Download (0x00000A50): Success.
[2025-12-17 00:20:16:972][BMCommand   ][3 - Information] Download (0x00000C60): Success.
[2025-12-17 00:20:16:972][BMCommand   ][3 - Information] Download (0x00000E70): Success.
[2025-12-17 00:20:16:973][BMCommand   ][3 - Information] Download (0x00001080): Success.
[2025-12-17 00:20:16:974][BMCommand   ][3 - Information] Download (0x00001290): Success.
[2025-12-17 00:20:16:975][BMCommand   ][3 - Information] Download (0x000014A0): Success.
[2025-12-17 00:20:16:977][BMCommand   ][3 - Information] Download (0x000016B0): Success.
[2025-12-17 00:20:16:978][BMCommand   ][3 - Information] Download (0x000018C0): Success.
[2025-12-17 00:20:16:979][BMCommand   ][3 - Information] Download (0x00001AD0): Success.
[2025-12-17 00:20:16:980][BMCommand   ][3 - Information] Download (0x00001CE0): Success.
[2025-12-17 00:20:16:981][BMCommand   ][3 - Information] Download (0x00001EF0): Success.
[2025-12-17 00:20:16:981][BMCommand   ][3 - Information] Download (0x00002100): Success.
[2025-12-17 00:20:16:982][BMCommand   ][3 - Information] Download (0x00002310): Success.
[2025-12-17 00:20:16:983][BMCommand   ][3 - Information] Download (0x00002520): Success.
[2025-12-17 00:20:16:984][BMCommand   ][3 - Information] Download (0x00002730): Success.
[2025-12-17 00:20:16:985][BMCommand   ][3 - Information] Download (0x00002940): Success.
[2025-12-17 00:20:16:986][BMCommand   ][3 - Information] Download (0x00002B50): Success.
[2025-12-17 00:20:16:987][BMCommand   ][3 - Information] Download (0x00002D60): Success.
[2025-12-17 00:20:16:988][BMCommand   ][3 - Information] Download (0x00002F70): Success.
[2025-12-17 00:20:16:989][BMCommand   ][3 - Information] Download (0x00003180): Success.
[2025-12-17 00:20:16:990][BMCommand   ][3 - Information] Download (0x00003390): Success.
[2025-12-17 00:20:16:991][BMCommand   ][3 - Information] Download (0x000035A0): Success.
[2025-12-17 00:20:16:991][BMCommand   ][3 - Information] Download (0x000037B0): Success.
[2025-12-17 00:20:16:992][BMCommand   ][3 - Information] Download (0x000039C0): Success.
[2025-12-17 00:20:16:993][BMCommand   ][3 - Information] Download (0x00003BD0): Success.
[2025-12-17 00:20:16:994][BMCommand   ][3 - Information] Download (0x00003DE0): Success.
[2025-12-17 00:20:16:995][BMCommand   ][3 - Information] Download (0x00003FF0): Success.
[2025-12-17 00:20:16:996][BMCommand   ][3 - Information] Download (0x00004200): Success.
[2025-12-17 00:20:16:997][BMCommand   ][3 - Information] Download (0x00004410): Success.
[2025-12-17 00:20:16:998][BMCommand   ][3 - Information] Download (0x00004620): Success.
[2025-12-17 00:20:16:998][BMCommand   ][3 - Information] Download (0x00004830): Success.
[2025-12-17 00:20:16:999][BMCommand   ][3 - Information] Download (0x00004A40): Success.
[2025-12-17 00:20:17:000][BMCommand   ][3 - Information] Download (0x00004C50): Success.
[2025-12-17 00:20:17:001][BMCommand   ][3 - Information] Download (0x00004E60): Success.
[2025-12-17 00:20:17:002][BMCommand   ][3 - Information] Download (0x00005070): Success.
[2025-12-17 00:20:17:003][BMCommand   ][3 - Information] Download (0x00005280): Success.
[2025-12-17 00:20:17:004][BMCommand   ][3 - Information] Download (0x00005490): Success.
[2025-12-17 00:20:17:005][BMCommand   ][3 - Information] Download (0x000056A0): Success.
[2025-12-17 00:20:17:006][BMCommand   ][3 - Information] Download (0x000058B0): Success.
[2025-12-17 00:20:17:007][BMCommand   ][3 - Information] Download (0x00005AC0): Success.
[2025-12-17 00:20:17:007][BMCommand   ][3 - Information] Download (0x00005CD0): Success.
[2025-12-17 00:20:17:008][BMCommand   ][3 - Information] Download (0x00005EE0): Success.
[2025-12-17 00:20:17:009][BMCommand   ][3 - Information] Download (0x000060F0): Success.
[2025-12-17 00:20:17:010][BMCommand   ][3 - Information] Download (0x00006300): Success.
[2025-12-17 00:20:17:011][BMCommand   ][3 - Information] Download (0x00006510): Success.
[2025-12-17 00:20:17:012][BMCommand   ][3 - Information] Download (0x00006720): Success.
[2025-12-17 00:20:17:013][BMCommand   ][3 - Information] Download (0x00006930): Success.
[2025-12-17 00:20:17:014][BMCommand   ][3 - Information] Download (0x00006B40): Success.
[2025-12-17 00:20:17:015][BMCommand   ][3 - Information] Download (0x00006D50): Success.
[2025-12-17 00:20:17:016][BMCommand   ][3 - Information] Download (0x00006F60): Success.
[2025-12-17 00:20:17:016][BMCommand   ][3 - Information] Download (0x00007170): Success.
[2025-12-17 00:20:17:017][BMCommand   ][3 - Information] Download (0x00007380): Success.
[2025-12-17 00:20:17:018][BMCommand   ][3 - Information] Download (0x00007590): Success.
[2025-12-17 00:20:17:019][BMCommand   ][3 - Information] Download (0x000077A0): Success.
[2025-12-17 00:20:17:020][BMCommand   ][3 - Information] Download (0x000079B0): Success.
[2025-12-17 00:20:17:021][BMCommand   ][3 - Information] Download (0x00007BC0): Success.
[2025-12-17 00:20:17:023][BMCommand   ][3 - Information] Download (0x00007DD0): Success.
[2025-12-17 00:20:17:023][BMCommand   ][3 - Information] Download (0x00007FE0): Success.
[2025-12-17 00:20:17:024][BMCommand   ][3 - Information] Download (0x000081F0): Success.
[2025-12-17 00:20:17:025][BMCommand   ][3 - Information] Download (0x00008400): Success.
[2025-12-17 00:20:17:026][BMCommand   ][3 - Information] Download (0x00008610): Success.
[2025-12-17 00:20:17:026][BMCommand   ][3 - Information] Download (0x00008820): Success.
[2025-12-17 00:20:17:027][BMCommand   ][3 - Information] Download (0x00008A30): Success.
[2025-12-17 00:20:17:028][BMCommand   ][3 - Information] Download (0x00008C40): Success.
[2025-12-17 00:20:17:029][BMCommand   ][3 - Information] Download (0x00008E50): Success.
[2025-12-17 00:20:17:030][BMCommand   ][3 - Information] Download (0x00009060): Success.
[2025-12-17 00:20:17:031][BMCommand   ][3 - Information] Download (0x00009270): Success.
[2025-12-17 00:20:17:032][BMCommand   ][3 - Information] Download (0x00009480): Success.
[2025-12-17 00:20:17:033][BMCommand   ][3 - Information] Download (0x00009690): Success.
[2025-12-17 00:20:17:034][BMCommand   ][3 - Information] Download (0x000098A0): Success.
[2025-12-17 00:20:17:035][BMCommand   ][3 - Information] Download (0x00009AB0): Success.
[2025-12-17 00:20:17:036][BMCommand   ][3 - Information] Download (0x00009CC0): Success.
[2025-12-17 00:20:17:036][BMCommand   ][3 - Information] Download (0x00009ED0): Success.
[2025-12-17 00:20:17:037][BMCommand   ][3 - Information] Download (0x0000A0E0): Success.
[2025-12-17 00:20:17:038][BMCommand   ][3 - Information] Download (0x0000A2F0): Success.
[2025-12-17 00:20:17:039][BMCommand   ][3 - Information] Download (0x0000A500): Success.
[2025-12-17 00:20:17:040][BMCommand   ][3 - Information] Download (0x0000A710): Success.
[2025-12-17 00:20:17:041][BMCommand   ][3 - Information] Download (0x0000A920): Success.
[2025-12-17 00:20:17:042][BMCommand   ][3 - Information] Download (0x0000AB30): Success.
[2025-12-17 00:20:17:043][BMCommand   ][3 - Information] Download (0x0000AD40): Success.
[2025-12-17 00:20:17:044][BMCommand   ][3 - Information] Download (0x0000AF50): Success.
[2025-12-17 00:20:17:045][BMCommand   ][3 - Information] Download (0x0000B160): Success.
[2025-12-17 00:20:17:045][BMCommand   ][3 - Information] Download (0x0000B370): Success.
[2025-12-17 00:20:17:046][BMCommand   ][3 - Information] Download (0x0000B580): Success.
[2025-12-17 00:20:17:048][BMCommand   ][3 - Information] Download (0x0000B790): Success.
[2025-12-17 00:20:17:048][BMCommand   ][3 - Information] Download (0x0000B9A0): Success.
[2025-12-17 00:20:17:049][BMCommand   ][3 - Information] Download (0x0000BBB0): Success.
[2025-12-17 00:20:17:050][BMCommand   ][3 - Information] Download (0x0000BDC0): Success.
[2025-12-17 00:20:17:051][BMCommand   ][3 - Information] Download (0x0000BFD0): Success.
[2025-12-17 00:20:17:052][BMCommand   ][3 - Information] Download (0x0000C1E0): Success.
[2025-12-17 00:20:17:053][BMCommand   ][3 - Information] Download (0x0000C3F0): Success.
[2025-12-17 00:20:17:054][BMCommand   ][3 - Information] Download (0x0000C600): Success.
[2025-12-17 00:20:17:055][BMCommand   ][3 - Information] Download (0x0000C810): Success.
[2025-12-17 00:20:17:055][BMCommand   ][3 - Information] Download (0x0000CA20): Success.
[2025-12-17 00:20:17:056][BMCommand   ][3 - Information] Download (0x0000CBE0): Success.
[2025-12-17 00:20:17:057][BMCommand   ][3 - Information] End Data: Success.
[2025-12-17 00:20:17:057][BMCommand   ][3 - Information] Download ---
[2025-12-17 00:20:17:057][BMCommand   ][3 - Information] ExecNandInit +++
[2025-12-17 00:20:17:060][BMCommand   ][3 - Information] Excute downloaded file: Success.
[2025-12-17 00:20:17:060][BMCommand   ][3 - Information] ExecNandInit ---
[2025-12-17 00:20:17:060][BMCommand   ][3 - Information] [INFO] FileID=CUS_ReadFlash_FDL2, operations for file type ReadFlash2 
[2025-12-17 00:20:17:061][BMCommand   ][3 - Information] ReadFlashByID +++
[2025-12-17 00:20:17:364][BMCommand   ][1 - Error      ] Start Read( Partition:"miscdata", Size:0x00010000): Fail. [130:[DL1130]Invalid command]
[2025-12-17 00:20:17:364][BMCommand   ][3 - Information] ReadFlashByID ---
[2025-12-17 00:20:17:365][BMCommand   ][3 - Information] [INFO] FileID=CUS_ReadFlash_FDL2, operations for file type ReadFlash2 
[2025-12-17 00:20:17:365][BMCommand   ][3 - Information] ReadFlashByID +++
[2025-12-17 00:20:17:366][BMCommand   ][1 - Error      ] Start Read( Partition:"uboot_log", Size:0x00040000): Fail. [130:[DL1130]Invalid command]
[2025-12-17 00:20:17:366][BMCommand   ][3 - Information] ReadFlashByID ---
[2025-12-17 00:20:17:366][BMCommand   ][3 - Information] [INFO] FileID=_BKF_NV, operations for file type ReadFlash 
[2025-12-17 00:20:17:367][BMCommand   ][3 - Information] ReadFlash +++
[2025-12-17 00:20:17:456][BMCommand   ][3 - Information] Read Flash( Base:0xFE000003, Size:0x00003000, Offset:0x00000000 ): Success.
[2025-12-17 00:20:17:470][BMCommand   ][3 - Information] Read Flash( Base:0xFE000003, Size:0x00003000, Offset:0x00003000 ): Success.
[2025-12-17 00:20:17:484][BMCommand   ][3 - Information] Read Flash( Base:0xFE000003, Size:0x00003000, Offset:0x00006000 ): Success.
[2025-12-17 00:20:17:497][BMCommand   ][3 - Information] Read Flash( Base:0xFE000003, Size:0x00003000, Offset:0x00009000 ): Success.
[2025-12-17 00:20:17:511][BMCommand   ][3 - Information] Read Flash( Base:0xFE000003, Size:0x00003000, Offset:0x0000C000 ): Success.
[2025-12-17 00:20:17:524][BMCommand   ][3 - Information] Read Flash( Base:0xFE000003, Size:0x00003000, Offset:0x0000F000 ): Success.
[2025-12-17 00:20:17:537][BMCommand   ][3 - Information] Read Flash( Base:0xFE000003, Size:0x00003000, Offset:0x00012000 ): Success.
[2025-12-17 00:20:17:551][BMCommand   ][3 - Information] Read Flash( Base:0xFE000003, Size:0x00003000, Offset:0x00015000 ): Success.
[2025-12-17 00:20:17:566][BMCommand   ][3 - Information] Read Flash( Base:0xFE000003, Size:0x00003000, Offset:0x00018000 ): Success.
[2025-12-17 00:20:17:580][BMCommand   ][3 - Information] Read Flash( Base:0xFE000003, Size:0x00003000, Offset:0x0001B000 ): Success.
[2025-12-17 00:20:17:590][BMCommand   ][3 - Information] Read Flash( Base:0xFE000003, Size:0x00002000, Offset:0x0001E000 ): Success.
[2025-12-17 00:20:17:590][BMCommand   ][3 - Information] ReadFlash ---
[2025-12-17 00:20:17:591][BMCommand   ][3 - Information] [INFO] FileID=_REPARTITION_, operations for file type REPARTITION 
[2025-12-17 00:20:17:591][BMCommand   ][3 - Information] Repartition +++
[2025-12-17 00:20:17:591][BMCommand   ][3 - Information] Repartition ---
[2025-12-17 00:20:17:592][BMCommand   ][3 - Information] [INFO] FileID=BOOTLOADER, operations for file type DONOTHING 
[2025-12-17 00:20:17:592][BMCommand   ][3 - Information] DoNothing +++
[2025-12-17 00:20:17:592][BMCommand   ][3 - Information] DoNothing ---
[2025-12-17 00:20:17:593][BMCommand   ][3 - Information] [INFO] FileID=AP, operations for file type DONOTHING 
[2025-12-17 00:20:17:593][BMCommand   ][3 - Information] DoNothing +++
[2025-12-17 00:20:17:593][BMCommand   ][3 - Information] DoNothing ---
[2025-12-17 00:20:17:593][BMCommand   ][3 - Information] [INFO] FileID=APPIMG, operations for file type CODE 
[2025-12-17 00:20:17:594][BMCommand   ][3 - Information] Download +++
[2025-12-17 00:20:17:595][BMCommand   ][3 - Information] Start Data( Base:0x60180000, Size:0x0003B3A0): Success.
[2025-12-17 00:20:17:605][BMCommand   ][3 - Information] Download (0x00000800): Success.
[2025-12-17 00:20:17:607][BMCommand   ][3 - Information] Download (0x00001000): Success.
[2025-12-17 00:20:17:609][BMCommand   ][3 - Information] Download (0x00001800): Success.
[2025-12-17 00:20:17:611][BMCommand   ][3 - Information] Download (0x00002000): Success.
[2025-12-17 00:20:17:613][BMCommand   ][3 - Information] Download (0x00002800): Success.
[2025-12-17 00:20:17:615][BMCommand   ][3 - Information] Download (0x00003000): Success.
[2025-12-17 00:20:17:617][BMCommand   ][3 - Information] Download (0x00003800): Success.
[2025-12-17 00:20:17:620][BMCommand   ][3 - Information] Download (0x00004000): Success.
[2025-12-17 00:20:17:622][BMCommand   ][3 - Information] Download (0x00004800): Success.
[2025-12-17 00:20:17:624][BMCommand   ][3 - Information] Download (0x00005000): Success.
[2025-12-17 00:20:17:626][BMCommand   ][3 - Information] Download (0x00005800): Success.
[2025-12-17 00:20:17:629][BMCommand   ][3 - Information] Download (0x00006000): Success.
[2025-12-17 00:20:17:632][BMCommand   ][3 - Information] Download (0x00006800): Success.
[2025-12-17 00:20:17:634][BMCommand   ][3 - Information] Download (0x00007000): Success.
[2025-12-17 00:20:17:636][BMCommand   ][3 - Information] Download (0x00007800): Success.
[2025-12-17 00:20:17:639][BMCommand   ][3 - Information] Download (0x00008000): Success.
[2025-12-17 00:20:17:641][BMCommand   ][3 - Information] Download (0x00008800): Success.
[2025-12-17 00:20:17:643][BMCommand   ][3 - Information] Download (0x00009000): Success.
[2025-12-17 00:20:17:645][BMCommand   ][3 - Information] Download (0x00009800): Success.
[2025-12-17 00:20:17:647][BMCommand   ][3 - Information] Download (0x0000A000): Success.
[2025-12-17 00:20:17:650][BMCommand   ][3 - Information] Download (0x0000A800): Success.
[2025-12-17 00:20:17:652][BMCommand   ][3 - Information] Download (0x0000B000): Success.
[2025-12-17 00:20:17:654][BMCommand   ][3 - Information] Download (0x0000B800): Success.
[2025-12-17 00:20:17:656][BMCommand   ][3 - Information] Download (0x0000C000): Success.
[2025-12-17 00:20:17:658][BMCommand   ][3 - Information] Download (0x0000C800): Success.
[2025-12-17 00:20:17:661][BMCommand   ][3 - Information] Download (0x0000D000): Success.
[2025-12-17 00:20:17:663][BMCommand   ][3 - Information] Download (0x0000D800): Success.
[2025-12-17 00:20:17:665][BMCommand   ][3 - Information] Download (0x0000E000): Success.
[2025-12-17 00:20:17:667][BMCommand   ][3 - Information] Download (0x0000E800): Success.
[2025-12-17 00:20:17:670][BMCommand   ][3 - Information] Download (0x0000F000): Success.
[2025-12-17 00:20:17:673][BMCommand   ][3 - Information] Download (0x0000F800): Success.
[2025-12-17 00:20:17:675][BMCommand   ][3 - Information] Download (0x00010000): Success.
[2025-12-17 00:20:17:677][BMCommand   ][3 - Information] Download (0x00010800): Success.
[2025-12-17 00:20:17:680][BMCommand   ][3 - Information] Download (0x00011000): Success.
[2025-12-17 00:20:17:682][BMCommand   ][3 - Information] Download (0x00011800): Success.
[2025-12-17 00:20:17:684][BMCommand   ][3 - Information] Download (0x00012000): Success.
[2025-12-17 00:20:17:686][BMCommand   ][3 - Information] Download (0x00012800): Success.
[2025-12-17 00:20:17:689][BMCommand   ][3 - Information] Download (0x00013000): Success.
[2025-12-17 00:20:17:691][BMCommand   ][3 - Information] Download (0x00013800): Success.
[2025-12-17 00:20:17:693][BMCommand   ][3 - Information] Download (0x00014000): Success.
[2025-12-17 00:20:17:696][BMCommand   ][3 - Information] Download (0x00014800): Success.
[2025-12-17 00:20:17:697][BMCommand   ][3 - Information] Download (0x00015000): Success.
[2025-12-17 00:20:17:700][BMCommand   ][3 - Information] Download (0x00015800): Success.
[2025-12-17 00:20:17:702][BMCommand   ][3 - Information] Download (0x00016000): Success.
[2025-12-17 00:20:17:704][BMCommand   ][3 - Information] Download (0x00016800): Success.
[2025-12-17 00:20:17:706][BMCommand   ][3 - Information] Download (0x00017000): Success.
[2025-12-17 00:20:17:708][BMCommand   ][3 - Information] Download (0x00017800): Success.
[2025-12-17 00:20:17:711][BMCommand   ][3 - Information] Download (0x00018000): Success.
[2025-12-17 00:20:17:713][BMCommand   ][3 - Information] Download (0x00018800): Success.
[2025-12-17 00:20:17:715][BMCommand   ][3 - Information] Download (0x00019000): Success.
[2025-12-17 00:20:17:718][BMCommand   ][3 - Information] Download (0x00019800): Success.
[2025-12-17 00:20:17:720][BMCommand   ][3 - Information] Download (0x0001A000): Success.
[2025-12-17 00:20:17:722][BMCommand   ][3 - Information] Download (0x0001A800): Success.
[2025-12-17 00:20:17:724][BMCommand   ][3 - Information] Download (0x0001B000): Success.
[2025-12-17 00:20:17:727][BMCommand   ][3 - Information] Download (0x0001B800): Success.
[2025-12-17 00:20:17:730][BMCommand   ][3 - Information] Download (0x0001C000): Success.
[2025-12-17 00:20:17:731][BMCommand   ][3 - Information] Download (0x0001C800): Success.
[2025-12-17 00:20:17:734][BMCommand   ][3 - Information] Download (0x0001D000): Success.
[2025-12-17 00:20:17:798][BMCommand   ][3 - Information] Download (0x0001D800): Success.
[2025-12-17 00:20:17:803][BMCommand   ][3 - Information] Download (0x0001E000): Success.
[2025-12-17 00:20:17:808][BMCommand   ][3 - Information] Download (0x0001E800): Success.
[2025-12-17 00:20:17:813][BMCommand   ][3 - Information] Download (0x0001F000): Success.
[2025-12-17 00:20:17:819][BMCommand   ][3 - Information] Download (0x0001F800): Success.
[2025-12-17 00:20:17:824][BMCommand   ][3 - Information] Download (0x00020000): Success.
[2025-12-17 00:20:17:829][BMCommand   ][3 - Information] Download (0x00020800): Success.
[2025-12-17 00:20:17:834][BMCommand   ][3 - Information] Download (0x00021000): Success.
[2025-12-17 00:20:17:839][BMCommand   ][3 - Information] Download (0x00021800): Success.
[2025-12-17 00:20:17:845][BMCommand   ][3 - Information] Download (0x00022000): Success.
[2025-12-17 00:20:17:849][BMCommand   ][3 - Information] Download (0x00022800): Success.
[2025-12-17 00:20:17:855][BMCommand   ][3 - Information] Download (0x00023000): Success.
[2025-12-17 00:20:17:860][BMCommand   ][3 - Information] Download (0x00023800): Success.
[2025-12-17 00:20:17:866][BMCommand   ][3 - Information] Download (0x00024000): Success.
[2025-12-17 00:20:17:871][BMCommand   ][3 - Information] Download (0x00024800): Success.
[2025-12-17 00:20:17:876][BMCommand   ][3 - Information] Download (0x00025000): Success.
[2025-12-17 00:20:17:881][BMCommand   ][3 - Information] Download (0x00025800): Success.
[2025-12-17 00:20:17:886][BMCommand   ][3 - Information] Download (0x00026000): Success.
[2025-12-17 00:20:17:892][BMCommand   ][3 - Information] Download (0x00026800): Success.
[2025-12-17 00:20:17:897][BMCommand   ][3 - Information] Download (0x00027000): Success.
[2025-12-17 00:20:17:902][BMCommand   ][3 - Information] Download (0x00027800): Success.
[2025-12-17 00:20:17:907][BMCommand   ][3 - Information] Download (0x00028000): Success.
[2025-12-17 00:20:17:913][BMCommand   ][3 - Information] Download (0x00028800): Success.
[2025-12-17 00:20:17:919][BMCommand   ][3 - Information] Download (0x00029000): Success.
[2025-12-17 00:20:17:924][BMCommand   ][3 - Information] Download (0x00029800): Success.
[2025-12-17 00:20:17:929][BMCommand   ][3 - Information] Download (0x0002A000): Success.
[2025-12-17 00:20:17:934][BMCommand   ][3 - Information] Download (0x0002A800): Success.
[2025-12-17 00:20:17:940][BMCommand   ][3 - Information] Download (0x0002B000): Success.
[2025-12-17 00:20:17:945][BMCommand   ][3 - Information] Download (0x0002B800): Success.
[2025-12-17 00:20:17:950][BMCommand   ][3 - Information] Download (0x0002C000): Success.
[2025-12-17 00:20:17:955][BMCommand   ][3 - Information] Download (0x0002C800): Success.
[2025-12-17 00:20:17:960][BMCommand   ][3 - Information] Download (0x0002D000): Success.
[2025-12-17 00:20:18:144][BMCommand   ][3 - Information] Download (0x0002D800): Success.
[2025-12-17 00:20:18:149][BMCommand   ][3 - Information] Download (0x0002E000): Success.
[2025-12-17 00:20:18:154][BMCommand   ][3 - Information] Download (0x0002E800): Success.
[2025-12-17 00:20:18:160][BMCommand   ][3 - Information] Download (0x0002F000): Success.
[2025-12-17 00:20:18:165][BMCommand   ][3 - Information] Download (0x0002F800): Success.
[2025-12-17 00:20:18:171][BMCommand   ][3 - Information] Download (0x00030000): Success.
[2025-12-17 00:20:18:176][BMCommand   ][3 - Information] Download (0x00030800): Success.
[2025-12-17 00:20:18:181][BMCommand   ][3 - Information] Download (0x00031000): Success.
[2025-12-17 00:20:18:186][BMCommand   ][3 - Information] Download (0x00031800): Success.
[2025-12-17 00:20:18:192][BMCommand   ][3 - Information] Download (0x00032000): Success.
[2025-12-17 00:20:18:196][BMCommand   ][3 - Information] Download (0x00032800): Success.
[2025-12-17 00:20:18:203][BMCommand   ][3 - Information] Download (0x00033000): Success.
[2025-12-17 00:20:18:208][BMCommand   ][3 - Information] Download (0x00033800): Success.
[2025-12-17 00:20:18:213][BMCommand   ][3 - Information] Download (0x00034000): Success.
[2025-12-17 00:20:18:218][BMCommand   ][3 - Information] Download (0x00034800): Success.
[2025-12-17 00:20:18:223][BMCommand   ][3 - Information] Download (0x00035000): Success.
[2025-12-17 00:20:18:228][BMCommand   ][3 - Information] Download (0x00035800): Success.
[2025-12-17 00:20:18:234][BMCommand   ][3 - Information] Download (0x00036000): Success.
[2025-12-17 00:20:18:239][BMCommand   ][3 - Information] Download (0x00036800): Success.
[2025-12-17 00:20:18:245][BMCommand   ][3 - Information] Download (0x00037000): Success.
[2025-12-17 00:20:18:249][BMCommand   ][3 - Information] Download (0x00037800): Success.
[2025-12-17 00:20:18:255][BMCommand   ][3 - Information] Download (0x00038000): Success.
[2025-12-17 00:20:18:260][BMCommand   ][3 - Information] Download (0x00038800): Success.
[2025-12-17 00:20:18:266][BMCommand   ][3 - Information] Download (0x00039000): Success.
[2025-12-17 00:20:18:271][BMCommand   ][3 - Information] Download (0x00039800): Success.
[2025-12-17 00:20:18:276][BMCommand   ][3 - Information] Download (0x0003A000): Success.
[2025-12-17 00:20:18:281][BMCommand   ][3 - Information] Download (0x0003A800): Success.
[2025-12-17 00:20:18:286][BMCommand   ][3 - Information] Download (0x0003B000): Success.
[2025-12-17 00:20:18:288][BMCommand   ][3 - Information] Download (0x0003B3A0): Success.
[2025-12-17 00:20:19:137][BMCommand   ][3 - Information] End Data: Success.
[2025-12-17 00:20:19:137][BMCommand   ][3 - Information] Download ---
[2025-12-17 00:20:19:137][BMCommand   ][3 - Information] [INFO] FileID=PS, operations for file type DONOTHING 
[2025-12-17 00:20:19:138][BMCommand   ][3 - Information] DoNothing +++
[2025-12-17 00:20:19:138][BMCommand   ][3 - Information] DoNothing ---
[2025-12-17 00:20:19:138][BMCommand   ][3 - Information] [INFO] FileID=SFFS, operations for file type DONOTHING 
[2025-12-17 00:20:19:138][BMCommand   ][3 - Information] DoNothing +++
[2025-12-17 00:20:19:138][BMCommand   ][3 - Information] DoNothing ---
[2025-12-17 00:20:19:139][BMCommand   ][3 - Information] [INFO] FileID=FLASH, operations for file type DONOTHING 
[2025-12-17 00:20:19:139][BMCommand   ][3 - Information] DoNothing +++
[2025-12-17 00:20:19:139][BMCommand   ][3 - Information] DoNothing ---
[2025-12-17 00:20:19:139][BMCommand   ][3 - Information] [INFO] FileID=NV, operations for file type DONOTHING 
[2025-12-17 00:20:19:140][BMCommand   ][3 - Information] DoNothing +++
[2025-12-17 00:20:19:140][BMCommand   ][3 - Information] DoNothing ---
[2025-12-17 00:20:19:140][BMCommand   ][3 - Information] [INFO] FileID=_RESET_, operations for file type Reset 
[2025-12-17 00:20:19:141][BMCommand   ][3 - Information] Reset +++
[2025-12-17 00:20:19:142][BMCommand   ][3 - Information] Reset: Success.
[2025-12-17 00:20:19:143][BMCommand   ][3 - Information] Reset ---
[2025-12-17 00:20:19:143][BMCommand   ][3 - Information] Disconnect Channel +++
[2025-12-17 00:20:19:144][BMCommand   ][3 - Information] Disconnect Channel ---
[2025-12-17 00:20:19:145][BMCommand   ][3 - Information] Finish Successful.
