[2025-12-16 23:52:39:116][BMCommand   ][3 - Information] Create receive thread
[2025-12-16 23:52:39:117][BMCommand   ][3 - Information] Create receive thread success.
[2025-12-16 23:52:39:117][BMCommand   ][3 - Information] Connect Channel +++
[2025-12-16 23:52:39:118][BMCommand   ][3 - Information] Connect Channel ---
[2025-12-16 23:52:39:119][BMCommand   ][3 - Information] [INFO] FileID=HOST_FDL, operations for file type HOST_FDL 
[2025-12-16 23:52:39:120][BMCommand   ][3 - Information] HostConnect +++
[2025-12-16 23:52:39:120][BMCommand   ][3 - Information] Start to write host data.
[2025-12-16 23:52:39:120][BMCommand   ][3 - Information] Write host data end.
[2025-12-16 23:52:39:122][BMCommand   ][3 - Information] Read host ack end.
[2025-12-16 23:52:39:122][BMCommand   ][3 - Information] HostConnect ---
[2025-12-16 23:52:39:122][BMCommand   ][3 - Information] HostDownload +++
[2025-12-16 23:52:39:122][BMCommand   ][3 - Information] Start to write host data.
[2025-12-16 23:52:39:123][BMCommand   ][3 - Information] Write host data end.
[2025-12-16 23:52:39:127][BMCommand   ][3 - Information] Read host ack end.
[2025-12-16 23:52:39:127][BMCommand   ][3 - Information] Start to write host data.
[2025-12-16 23:52:39:129][BMCommand   ][3 - Information] Write host data end.
[2025-12-16 23:52:39:130][BMCommand   ][3 - Information] Read host ack end.
[2025-12-16 23:52:39:130][BMCommand   ][3 - Information] Start to write host data.
[2025-12-16 23:52:39:132][BMCommand   ][3 - Information] Write host data end.
[2025-12-16 23:52:39:132][BMCommand   ][3 - Information] Read host ack end.
[2025-12-16 23:52:39:132][BMCommand   ][3 - Information] Start to write host data.
[2025-12-16 23:52:39:134][BMCommand   ][3 - Information] Write host data end.
[2025-12-16 23:52:39:134][BMCommand   ][3 - Information] Read host ack end.
[2025-12-16 23:52:39:134][BMCommand   ][3 - Information] Start to write host data.
[2025-12-16 23:52:39:136][BMCommand   ][3 - Information] Write host data end.
[2025-12-16 23:52:39:137][BMCommand   ][3 - Information] Read host ack end.
[2025-12-16 23:52:39:137][BMCommand   ][3 - Information] Start to write host data.
[2025-12-16 23:52:39:139][BMCommand   ][3 - Information] Write host data end.
[2025-12-16 23:52:39:139][BMCommand   ][3 - Information] Read host ack end.
[2025-12-16 23:52:39:139][BMCommand   ][3 - Information] Start to write host data.
[2025-12-16 23:52:39:141][BMCommand   ][3 - Information] Write host data end.
[2025-12-16 23:52:39:141][BMCommand   ][3 - Information] Read host ack end.
[2025-12-16 23:52:39:141][BMCommand   ][3 - Information] Start to write host data.
[2025-12-16 23:52:39:142][BMCommand   ][3 - Information] Write host data end.
[2025-12-16 23:52:39:142][BMCommand   ][3 - Information] Read host ack end.
[2025-12-16 23:52:39:142][BMCommand   ][3 - Information] Start to write host data.
[2025-12-16 23:52:39:143][BMCommand   ][3 - Information] Write host data end.
[2025-12-16 23:52:39:143][BMCommand   ][3 - Information] Read host ack end.
[2025-12-16 23:52:39:143][BMCommand   ][3 - Information] HostDownload ---
[2025-12-16 23:52:39:143][BMCommand   ][3 - Information] HostExcute +++
[2025-12-16 23:52:39:143][BMCommand   ][3 - Information] Start to write host data.
[2025-12-16 23:52:39:144][BMCommand   ][3 - Information] Write host data end.
[2025-12-16 23:52:41:149][BMCommand   ][3 - Information] Read host ack end.
[2025-12-16 23:52:41:149][BMCommand   ][3 - Information] Excute downloaded file
[2025-12-16 23:52:41:149][BMCommand   ][3 - Information] HostExcute ---
[2025-12-16 23:52:41:150][BMCommand   ][3 - Information] ResetCRC +++
[2025-12-16 23:52:41:150][BMCommand   ][3 - Information] ResetCRC ---
[2025-12-16 23:52:41:150][BMCommand   ][3 - Information] Connect +++
[2025-12-16 23:52:41:151][BMCommand   ][3 - Information] Checkbaud append result: bCrcError(0),bNoTail(0),bInvalidLen(0)
[2025-12-16 23:52:41:151][BMCommand   ][3 - Information] Check Baudrate: Success.
[2025-12-16 23:52:41:153][BMCommand   ][3 - Information] Connect to Module: Success.
[2025-12-16 23:52:41:153][BMCommand   ][3 - Information] Connect ---
[2025-12-16 23:52:41:153][BMCommand   ][3 - Information] ChangeBaud +++
[2025-12-16 23:52:41:154][BMCommand   ][3 - Information] FDL:Change Baudrate( 921600 To 115200 ): Success.
[2025-12-16 23:52:41:665][BMCommand   ][3 - Information] BMPlatform:Change Baudrate( 115200 ): Success.
[2025-12-16 23:52:41:665][BMCommand   ][3 - Information] ChangeBaud ---
[2025-12-16 23:52:41:665][BMCommand   ][3 - Information] [INFO] FileID=FDL2, operations for file type FDL2 
[2025-12-16 23:52:41:666][BMCommand   ][3 - Information] Connect2 +++
[2025-12-16 23:52:41:666][BMCommand   ][3 - Information] Connect to Module: Success.
[2025-12-16 23:52:41:666][BMCommand   ][3 - Information] Connect2 ---
[2025-12-16 23:52:41:667][BMCommand   ][3 - Information] ChangeBaud +++
[2025-12-16 23:52:41:667][BMCommand   ][3 - Information] ChangeBaud ---
[2025-12-16 23:52:41:668][BMCommand   ][3 - Information] Download +++
[2025-12-16 23:52:41:669][BMCommand   ][3 - Information] Start Data( Base:0x00810000, Size:0x0000CBE0): Success.
[2025-12-16 23:52:41:682][BMCommand   ][3 - Information] Download (0x00000210): Success.
[2025-12-16 23:52:41:682][BMCommand   ][3 - Information] Download (0x00000420): Success.
[2025-12-16 23:52:41:683][BMCommand   ][3 - Information] Download (0x00000630): Success.
[2025-12-16 23:52:41:684][BMCommand   ][3 - Information] Download (0x00000840): Success.
[2025-12-16 23:52:41:685][BMCommand   ][3 - Information] Download (0x00000A50): Success.
[2025-12-16 23:52:41:686][BMCommand   ][3 - Information] Download (0x00000C60): Success.
[2025-12-16 23:52:41:687][BMCommand   ][3 - Information] Download (0x00000E70): Success.
[2025-12-16 23:52:41:688][BMCommand   ][3 - Information] Download (0x00001080): Success.
[2025-12-16 23:52:41:689][BMCommand   ][3 - Information] Download (0x00001290): Success.
[2025-12-16 23:52:41:690][BMCommand   ][3 - Information] Download (0x000014A0): Success.
[2025-12-16 23:52:41:691][BMCommand   ][3 - Information] Download (0x000016B0): Success.
[2025-12-16 23:52:41:692][BMCommand   ][3 - Information] Download (0x000018C0): Success.
[2025-12-16 23:52:41:693][BMCommand   ][3 - Information] Download (0x00001AD0): Success.
[2025-12-16 23:52:41:694][BMCommand   ][3 - Information] Download (0x00001CE0): Success.
[2025-12-16 23:52:41:694][BMCommand   ][3 - Information] Download (0x00001EF0): Success.
[2025-12-16 23:52:41:695][BMCommand   ][3 - Information] Download (0x00002100): Success.
[2025-12-16 23:52:41:696][BMCommand   ][3 - Information] Download (0x00002310): Success.
[2025-12-16 23:52:41:697][BMCommand   ][3 - Information] Download (0x00002520): Success.
[2025-12-16 23:52:41:699][BMCommand   ][3 - Information] Download (0x00002730): Success.
[2025-12-16 23:52:41:700][BMCommand   ][3 - Information] Download (0x00002940): Success.
[2025-12-16 23:52:41:701][BMCommand   ][3 - Information] Download (0x00002B50): Success.
[2025-12-16 23:52:41:702][BMCommand   ][3 - Information] Download (0x00002D60): Success.
[2025-12-16 23:52:41:702][BMCommand   ][3 - Information] Download (0x00002F70): Success.
[2025-12-16 23:52:41:703][BMCommand   ][3 - Information] Download (0x00003180): Success.
[2025-12-16 23:52:41:704][BMCommand   ][3 - Information] Download (0x00003390): Success.
[2025-12-16 23:52:41:705][BMCommand   ][3 - Information] Download (0x000035A0): Success.
[2025-12-16 23:52:41:706][BMCommand   ][3 - Information] Download (0x000037B0): Success.
[2025-12-16 23:52:41:707][BMCommand   ][3 - Information] Download (0x000039C0): Success.
[2025-12-16 23:52:41:708][BMCommand   ][3 - Information] Download (0x00003BD0): Success.
[2025-12-16 23:52:41:709][BMCommand   ][3 - Information] Download (0x00003DE0): Success.
[2025-12-16 23:52:41:710][BMCommand   ][3 - Information] Download (0x00003FF0): Success.
[2025-12-16 23:52:41:711][BMCommand   ][3 - Information] Download (0x00004200): Success.
[2025-12-16 23:52:41:711][BMCommand   ][3 - Information] Download (0x00004410): Success.
[2025-12-16 23:52:41:712][BMCommand   ][3 - Information] Download (0x00004620): Success.
[2025-12-16 23:52:41:713][BMCommand   ][3 - Information] Download (0x00004830): Success.
[2025-12-16 23:52:41:714][BMCommand   ][3 - Information] Download (0x00004A40): Success.
[2025-12-16 23:52:41:715][BMCommand   ][3 - Information] Download (0x00004C50): Success.
[2025-12-16 23:52:41:716][BMCommand   ][3 - Information] Download (0x00004E60): Success.
[2025-12-16 23:52:41:717][BMCommand   ][3 - Information] Download (0x00005070): Success.
[2025-12-16 23:52:41:718][BMCommand   ][3 - Information] Download (0x00005280): Success.
[2025-12-16 23:52:41:719][BMCommand   ][3 - Information] Download (0x00005490): Success.
[2025-12-16 23:52:41:719][BMCommand   ][3 - Information] Download (0x000056A0): Success.
[2025-12-16 23:52:41:720][BMCommand   ][3 - Information] Download (0x000058B0): Success.
[2025-12-16 23:52:41:721][BMCommand   ][3 - Information] Download (0x00005AC0): Success.
[2025-12-16 23:52:41:722][BMCommand   ][3 - Information] Download (0x00005CD0): Success.
[2025-12-16 23:52:41:723][BMCommand   ][3 - Information] Download (0x00005EE0): Success.
[2025-12-16 23:52:41:724][BMCommand   ][3 - Information] Download (0x000060F0): Success.
[2025-12-16 23:52:41:725][BMCommand   ][3 - Information] Download (0x00006300): Success.
[2025-12-16 23:52:41:726][BMCommand   ][3 - Information] Download (0x00006510): Success.
[2025-12-16 23:52:41:726][BMCommand   ][3 - Information] Download (0x00006720): Success.
[2025-12-16 23:52:41:727][BMCommand   ][3 - Information] Download (0x00006930): Success.
[2025-12-16 23:52:41:728][BMCommand   ][3 - Information] Download (0x00006B40): Success.
[2025-12-16 23:52:41:729][BMCommand   ][3 - Information] Download (0x00006D50): Success.
[2025-12-16 23:52:41:730][BMCommand   ][3 - Information] Download (0x00006F60): Success.
[2025-12-16 23:52:41:731][BMCommand   ][3 - Information] Download (0x00007170): Success.
[2025-12-16 23:52:41:732][BMCommand   ][3 - Information] Download (0x00007380): Success.
[2025-12-16 23:52:41:733][BMCommand   ][3 - Information] Download (0x00007590): Success.
[2025-12-16 23:52:41:734][BMCommand   ][3 - Information] Download (0x000077A0): Success.
[2025-12-16 23:52:41:735][BMCommand   ][3 - Information] Download (0x000079B0): Success.
[2025-12-16 23:52:41:736][BMCommand   ][3 - Information] Download (0x00007BC0): Success.
[2025-12-16 23:52:41:737][BMCommand   ][3 - Information] Download (0x00007DD0): Success.
[2025-12-16 23:52:41:737][BMCommand   ][3 - Information] Download (0x00007FE0): Success.
[2025-12-16 23:52:41:738][BMCommand   ][3 - Information] Download (0x000081F0): Success.
[2025-12-16 23:52:41:739][BMCommand   ][3 - Information] Download (0x00008400): Success.
[2025-12-16 23:52:41:740][BMCommand   ][3 - Information] Download (0x00008610): Success.
[2025-12-16 23:52:41:741][BMCommand   ][3 - Information] Download (0x00008820): Success.
[2025-12-16 23:52:41:742][BMCommand   ][3 - Information] Download (0x00008A30): Success.
[2025-12-16 23:52:41:743][BMCommand   ][3 - Information] Download (0x00008C40): Success.
[2025-12-16 23:52:41:744][BMCommand   ][3 - Information] Download (0x00008E50): Success.
[2025-12-16 23:52:41:745][BMCommand   ][3 - Information] Download (0x00009060): Success.
[2025-12-16 23:52:41:746][BMCommand   ][3 - Information] Download (0x00009270): Success.
[2025-12-16 23:52:41:746][BMCommand   ][3 - Information] Download (0x00009480): Success.
[2025-12-16 23:52:41:747][BMCommand   ][3 - Information] Download (0x00009690): Success.
[2025-12-16 23:52:41:748][BMCommand   ][3 - Information] Download (0x000098A0): Success.
[2025-12-16 23:52:41:749][BMCommand   ][3 - Information] Download (0x00009AB0): Success.
[2025-12-16 23:52:41:750][BMCommand   ][3 - Information] Download (0x00009CC0): Success.
[2025-12-16 23:52:41:751][BMCommand   ][3 - Information] Download (0x00009ED0): Success.
[2025-12-16 23:52:41:752][BMCommand   ][3 - Information] Download (0x0000A0E0): Success.
[2025-12-16 23:52:41:752][BMCommand   ][3 - Information] Download (0x0000A2F0): Success.
[2025-12-16 23:52:41:753][BMCommand   ][3 - Information] Download (0x0000A500): Success.
[2025-12-16 23:52:41:754][BMCommand   ][3 - Information] Download (0x0000A710): Success.
[2025-12-16 23:52:41:755][BMCommand   ][3 - Information] Download (0x0000A920): Success.
[2025-12-16 23:52:41:756][BMCommand   ][3 - Information] Download (0x0000AB30): Success.
[2025-12-16 23:52:41:757][BMCommand   ][3 - Information] Download (0x0000AD40): Success.
[2025-12-16 23:52:41:758][BMCommand   ][3 - Information] Download (0x0000AF50): Success.
[2025-12-16 23:52:41:759][BMCommand   ][3 - Information] Download (0x0000B160): Success.
[2025-12-16 23:52:41:760][BMCommand   ][3 - Information] Download (0x0000B370): Success.
[2025-12-16 23:52:41:761][BMCommand   ][3 - Information] Download (0x0000B580): Success.
[2025-12-16 23:52:41:762][BMCommand   ][3 - Information] Download (0x0000B790): Success.
[2025-12-16 23:52:41:763][BMCommand   ][3 - Information] Download (0x0000B9A0): Success.
[2025-12-16 23:52:41:763][BMCommand   ][3 - Information] Download (0x0000BBB0): Success.
[2025-12-16 23:52:41:764][BMCommand   ][3 - Information] Download (0x0000BDC0): Success.
[2025-12-16 23:52:41:765][BMCommand   ][3 - Information] Download (0x0000BFD0): Success.
[2025-12-16 23:52:41:766][BMCommand   ][3 - Information] Download (0x0000C1E0): Success.
[2025-12-16 23:52:41:767][BMCommand   ][3 - Information] Download (0x0000C3F0): Success.
[2025-12-16 23:52:41:769][BMCommand   ][3 - Information] Download (0x0000C600): Success.
[2025-12-16 23:52:41:769][BMCommand   ][3 - Information] Download (0x0000C810): Success.
[2025-12-16 23:52:41:771][BMCommand   ][3 - Information] Download (0x0000CA20): Success.
[2025-12-16 23:52:41:772][BMCommand   ][3 - Information] Download (0x0000CBE0): Success.
[2025-12-16 23:52:41:773][BMCommand   ][3 - Information] End Data: Success.
[2025-12-16 23:52:41:773][BMCommand   ][3 - Information] Download ---
[2025-12-16 23:52:41:773][BMCommand   ][3 - Information] ExecNandInit +++
[2025-12-16 23:52:41:776][BMCommand   ][3 - Information] Excute downloaded file: Success.
[2025-12-16 23:52:41:776][BMCommand   ][3 - Information] ExecNandInit ---
[2025-12-16 23:52:41:776][BMCommand   ][3 - Information] [INFO] FileID=CUS_ReadFlash_FDL2, operations for file type ReadFlash2 
[2025-12-16 23:52:41:776][BMCommand   ][3 - Information] ReadFlashByID +++
[2025-12-16 23:52:42:080][BMCommand   ][1 - Error      ] Start Read( Partition:"miscdata", Size:0x00010000): Fail. [130:[DL1130]Invalid command]
[2025-12-16 23:52:42:080][BMCommand   ][3 - Information] ReadFlashByID ---
[2025-12-16 23:52:42:080][BMCommand   ][3 - Information] [INFO] FileID=CUS_ReadFlash_FDL2, operations for file type ReadFlash2 
[2025-12-16 23:52:42:081][BMCommand   ][3 - Information] ReadFlashByID +++
[2025-12-16 23:52:42:082][BMCommand   ][1 - Error      ] Start Read( Partition:"uboot_log", Size:0x00040000): Fail. [130:[DL1130]Invalid command]
[2025-12-16 23:52:42:082][BMCommand   ][3 - Information] ReadFlashByID ---
[2025-12-16 23:52:42:083][BMCommand   ][3 - Information] [INFO] FileID=_BKF_NV, operations for file type ReadFlash 
[2025-12-16 23:52:42:083][BMCommand   ][3 - Information] ReadFlash +++
[2025-12-16 23:52:42:171][BMCommand   ][3 - Information] Read Flash( Base:0xFE000003, Size:0x00003000, Offset:0x00000000 ): Success.
[2025-12-16 23:52:42:185][BMCommand   ][3 - Information] Read Flash( Base:0xFE000003, Size:0x00003000, Offset:0x00003000 ): Success.
[2025-12-16 23:52:42:197][BMCommand   ][3 - Information] Read Flash( Base:0xFE000003, Size:0x00003000, Offset:0x00006000 ): Success.
[2025-12-16 23:52:42:210][BMCommand   ][3 - Information] Read Flash( Base:0xFE000003, Size:0x00003000, Offset:0x00009000 ): Success.
[2025-12-16 23:52:42:222][BMCommand   ][3 - Information] Read Flash( Base:0xFE000003, Size:0x00003000, Offset:0x0000C000 ): Success.
[2025-12-16 23:52:42:235][BMCommand   ][3 - Information] Read Flash( Base:0xFE000003, Size:0x00003000, Offset:0x0000F000 ): Success.
[2025-12-16 23:52:42:247][BMCommand   ][3 - Information] Read Flash( Base:0xFE000003, Size:0x00003000, Offset:0x00012000 ): Success.
[2025-12-16 23:52:42:261][BMCommand   ][3 - Information] Read Flash( Base:0xFE000003, Size:0x00003000, Offset:0x00015000 ): Success.
[2025-12-16 23:52:42:275][BMCommand   ][3 - Information] Read Flash( Base:0xFE000003, Size:0x00003000, Offset:0x00018000 ): Success.
[2025-12-16 23:52:42:289][BMCommand   ][3 - Information] Read Flash( Base:0xFE000003, Size:0x00003000, Offset:0x0001B000 ): Success.
[2025-12-16 23:52:42:298][BMCommand   ][3 - Information] Read Flash( Base:0xFE000003, Size:0x00002000, Offset:0x0001E000 ): Success.
[2025-12-16 23:52:42:298][BMCommand   ][3 - Information] ReadFlash ---
[2025-12-16 23:52:42:300][BMCommand   ][3 - Information] [INFO] FileID=_REPARTITION_, operations for file type REPARTITION 
[2025-12-16 23:52:42:300][BMCommand   ][3 - Information] Repartition +++
[2025-12-16 23:52:42:300][BMCommand   ][3 - Information] Repartition ---
[2025-12-16 23:52:42:301][BMCommand   ][3 - Information] [INFO] FileID=BOOTLOADER, operations for file type DONOTHING 
[2025-12-16 23:52:42:301][BMCommand   ][3 - Information] DoNothing +++
[2025-12-16 23:52:42:301][BMCommand   ][3 - Information] DoNothing ---
[2025-12-16 23:52:42:301][BMCommand   ][3 - Information] [INFO] FileID=AP, operations for file type DONOTHING 
[2025-12-16 23:52:42:302][BMCommand   ][3 - Information] DoNothing +++
[2025-12-16 23:52:42:302][BMCommand   ][3 - Information] DoNothing ---
[2025-12-16 23:52:42:302][BMCommand   ][3 - Information] [INFO] FileID=APPIMG, operations for file type CODE 
[2025-12-16 23:52:42:302][BMCommand   ][3 - Information] Download +++
[2025-12-16 23:52:42:303][BMCommand   ][3 - Information] Start Data( Base:0x60180000, Size:0x0003B360): Success.
[2025-12-16 23:52:42:322][BMCommand   ][3 - Information] Download (0x00000800): Success.
[2025-12-16 23:52:42:324][BMCommand   ][3 - Information] Download (0x00001000): Success.
[2025-12-16 23:52:42:326][BMCommand   ][3 - Information] Download (0x00001800): Success.
[2025-12-16 23:52:42:329][BMCommand   ][3 - Information] Download (0x00002000): Success.
[2025-12-16 23:52:42:331][BMCommand   ][3 - Information] Download (0x00002800): Success.
[2025-12-16 23:52:42:333][BMCommand   ][3 - Information] Download (0x00003000): Success.
[2025-12-16 23:52:42:335][BMCommand   ][3 - Information] Download (0x00003800): Success.
[2025-12-16 23:52:42:337][BMCommand   ][3 - Information] Download (0x00004000): Success.
[2025-12-16 23:52:42:340][BMCommand   ][3 - Information] Download (0x00004800): Success.
[2025-12-16 23:52:42:342][BMCommand   ][3 - Information] Download (0x00005000): Success.
[2025-12-16 23:52:42:344][BMCommand   ][3 - Information] Download (0x00005800): Success.
[2025-12-16 23:52:42:346][BMCommand   ][3 - Information] Download (0x00006000): Success.
[2025-12-16 23:52:42:348][BMCommand   ][3 - Information] Download (0x00006800): Success.
[2025-12-16 23:52:42:351][BMCommand   ][3 - Information] Download (0x00007000): Success.
[2025-12-16 23:52:42:354][BMCommand   ][3 - Information] Download (0x00007800): Success.
[2025-12-16 23:52:42:356][BMCommand   ][3 - Information] Download (0x00008000): Success.
[2025-12-16 23:52:42:358][BMCommand   ][3 - Information] Download (0x00008800): Success.
[2025-12-16 23:52:42:360][BMCommand   ][3 - Information] Download (0x00009000): Success.
[2025-12-16 23:52:42:362][BMCommand   ][3 - Information] Download (0x00009800): Success.
[2025-12-16 23:52:42:364][BMCommand   ][3 - Information] Download (0x0000A000): Success.
[2025-12-16 23:52:42:367][BMCommand   ][3 - Information] Download (0x0000A800): Success.
[2025-12-16 23:52:42:369][BMCommand   ][3 - Information] Download (0x0000B000): Success.
[2025-12-16 23:52:42:371][BMCommand   ][3 - Information] Download (0x0000B800): Success.
[2025-12-16 23:52:42:374][BMCommand   ][3 - Information] Download (0x0000C000): Success.
[2025-12-16 23:52:42:376][BMCommand   ][3 - Information] Download (0x0000C800): Success.
[2025-12-16 23:52:42:378][BMCommand   ][3 - Information] Download (0x0000D000): Success.
[2025-12-16 23:52:42:380][BMCommand   ][3 - Information] Download (0x0000D800): Success.
[2025-12-16 23:52:42:383][BMCommand   ][3 - Information] Download (0x0000E000): Success.
[2025-12-16 23:52:42:384][BMCommand   ][3 - Information] Download (0x0000E800): Success.
[2025-12-16 23:52:42:387][BMCommand   ][3 - Information] Download (0x0000F000): Success.
[2025-12-16 23:52:42:389][BMCommand   ][3 - Information] Download (0x0000F800): Success.
[2025-12-16 23:52:42:391][BMCommand   ][3 - Information] Download (0x00010000): Success.
[2025-12-16 23:52:42:393][BMCommand   ][3 - Information] Download (0x00010800): Success.
[2025-12-16 23:52:42:395][BMCommand   ][3 - Information] Download (0x00011000): Success.
[2025-12-16 23:52:42:398][BMCommand   ][3 - Information] Download (0x00011800): Success.
[2025-12-16 23:52:42:401][BMCommand   ][3 - Information] Download (0x00012000): Success.
[2025-12-16 23:52:42:403][BMCommand   ][3 - Information] Download (0x00012800): Success.
[2025-12-16 23:52:42:405][BMCommand   ][3 - Information] Download (0x00013000): Success.
[2025-12-16 23:52:42:407][BMCommand   ][3 - Information] Download (0x00013800): Success.
[2025-12-16 23:52:42:410][BMCommand   ][3 - Information] Download (0x00014000): Success.
[2025-12-16 23:52:42:412][BMCommand   ][3 - Information] Download (0x00014800): Success.
[2025-12-16 23:52:42:414][BMCommand   ][3 - Information] Download (0x00015000): Success.
[2025-12-16 23:52:42:416][BMCommand   ][3 - Information] Download (0x00015800): Success.
[2025-12-16 23:52:42:418][BMCommand   ][3 - Information] Download (0x00016000): Success.
[2025-12-16 23:52:42:421][BMCommand   ][3 - Information] Download (0x00016800): Success.
[2025-12-16 23:52:42:423][BMCommand   ][3 - Information] Download (0x00017000): Success.
[2025-12-16 23:52:42:425][BMCommand   ][3 - Information] Download (0x00017800): Success.
[2025-12-16 23:52:42:427][BMCommand   ][3 - Information] Download (0x00018000): Success.
[2025-12-16 23:52:42:430][BMCommand   ][3 - Information] Download (0x00018800): Success.
[2025-12-16 23:52:42:432][BMCommand   ][3 - Information] Download (0x00019000): Success.
[2025-12-16 23:52:42:434][BMCommand   ][3 - Information] Download (0x00019800): Success.
[2025-12-16 23:52:42:436][BMCommand   ][3 - Information] Download (0x0001A000): Success.
[2025-12-16 23:52:42:438][BMCommand   ][3 - Information] Download (0x0001A800): Success.
[2025-12-16 23:52:42:440][BMCommand   ][3 - Information] Download (0x0001B000): Success.
[2025-12-16 23:52:42:443][BMCommand   ][3 - Information] Download (0x0001B800): Success.
[2025-12-16 23:52:42:445][BMCommand   ][3 - Information] Download (0x0001C000): Success.
[2025-12-16 23:52:42:447][BMCommand   ][3 - Information] Download (0x0001C800): Success.
[2025-12-16 23:52:42:449][BMCommand   ][3 - Information] Download (0x0001D000): Success.
[2025-12-16 23:52:42:493][BMCommand   ][3 - Information] Download (0x0001D800): Success.
[2025-12-16 23:52:42:498][BMCommand   ][3 - Information] Download (0x0001E000): Success.
[2025-12-16 23:52:42:503][BMCommand   ][3 - Information] Download (0x0001E800): Success.
[2025-12-16 23:52:42:508][BMCommand   ][3 - Information] Download (0x0001F000): Success.
[2025-12-16 23:52:42:514][BMCommand   ][3 - Information] Download (0x0001F800): Success.
[2025-12-16 23:52:42:519][BMCommand   ][3 - Information] Download (0x00020000): Success.
[2025-12-16 23:52:42:524][BMCommand   ][3 - Information] Download (0x00020800): Success.
[2025-12-16 23:52:42:529][BMCommand   ][3 - Information] Download (0x00021000): Success.
[2025-12-16 23:52:42:534][BMCommand   ][3 - Information] Download (0x00021800): Success.
[2025-12-16 23:52:42:540][BMCommand   ][3 - Information] Download (0x00022000): Success.
[2025-12-16 23:52:42:545][BMCommand   ][3 - Information] Download (0x00022800): Success.
[2025-12-16 23:52:42:550][BMCommand   ][3 - Information] Download (0x00023000): Success.
[2025-12-16 23:52:42:556][BMCommand   ][3 - Information] Download (0x00023800): Success.
[2025-12-16 23:52:42:561][BMCommand   ][3 - Information] Download (0x00024000): Success.
[2025-12-16 23:52:42:566][BMCommand   ][3 - Information] Download (0x00024800): Success.
[2025-12-16 23:52:42:571][BMCommand   ][3 - Information] Download (0x00025000): Success.
[2025-12-16 23:52:42:577][BMCommand   ][3 - Information] Download (0x00025800): Success.
[2025-12-16 23:52:42:582][BMCommand   ][3 - Information] Download (0x00026000): Success.
[2025-12-16 23:52:42:587][BMCommand   ][3 - Information] Download (0x00026800): Success.
[2025-12-16 23:52:42:592][BMCommand   ][3 - Information] Download (0x00027000): Success.
[2025-12-16 23:52:42:598][BMCommand   ][3 - Information] Download (0x00027800): Success.
[2025-12-16 23:52:42:603][BMCommand   ][3 - Information] Download (0x00028000): Success.
[2025-12-16 23:52:42:609][BMCommand   ][3 - Information] Download (0x00028800): Success.
[2025-12-16 23:52:42:614][BMCommand   ][3 - Information] Download (0x00029000): Success.
[2025-12-16 23:52:42:619][BMCommand   ][3 - Information] Download (0x00029800): Success.
[2025-12-16 23:52:42:624][BMCommand   ][3 - Information] Download (0x0002A000): Success.
[2025-12-16 23:52:42:629][BMCommand   ][3 - Information] Download (0x0002A800): Success.
[2025-12-16 23:52:42:634][BMCommand   ][3 - Information] Download (0x0002B000): Success.
[2025-12-16 23:52:42:640][BMCommand   ][3 - Information] Download (0x0002B800): Success.
[2025-12-16 23:52:42:645][BMCommand   ][3 - Information] Download (0x0002C000): Success.
[2025-12-16 23:52:42:650][BMCommand   ][3 - Information] Download (0x0002C800): Success.
[2025-12-16 23:52:42:656][BMCommand   ][3 - Information] Download (0x0002D000): Success.
[2025-12-16 23:52:42:839][BMCommand   ][3 - Information] Download (0x0002D800): Success.
[2025-12-16 23:52:42:844][BMCommand   ][3 - Information] Download (0x0002E000): Success.
[2025-12-16 23:52:42:849][BMCommand   ][3 - Information] Download (0x0002E800): Success.
[2025-12-16 23:52:42:855][BMCommand   ][3 - Information] Download (0x0002F000): Success.
[2025-12-16 23:52:42:860][BMCommand   ][3 - Information] Download (0x0002F800): Success.
[2025-12-16 23:52:42:865][BMCommand   ][3 - Information] Download (0x00030000): Success.
[2025-12-16 23:52:42:870][BMCommand   ][3 - Information] Download (0x00030800): Success.
[2025-12-16 23:52:42:876][BMCommand   ][3 - Information] Download (0x00031000): Success.
[2025-12-16 23:52:42:881][BMCommand   ][3 - Information] Download (0x00031800): Success.
[2025-12-16 23:52:42:887][BMCommand   ][3 - Information] Download (0x00032000): Success.
[2025-12-16 23:52:42:892][BMCommand   ][3 - Information] Download (0x00032800): Success.
[2025-12-16 23:52:42:897][BMCommand   ][3 - Information] Download (0x00033000): Success.
[2025-12-16 23:52:42:902][BMCommand   ][3 - Information] Download (0x00033800): Success.
[2025-12-16 23:52:42:907][BMCommand   ][3 - Information] Download (0x00034000): Success.
[2025-12-16 23:52:42:912][BMCommand   ][3 - Information] Download (0x00034800): Success.
[2025-12-16 23:52:42:918][BMCommand   ][3 - Information] Download (0x00035000): Success.
[2025-12-16 23:52:42:923][BMCommand   ][3 - Information] Download (0x00035800): Success.
[2025-12-16 23:52:42:928][BMCommand   ][3 - Information] Download (0x00036000): Success.
[2025-12-16 23:52:42:934][BMCommand   ][3 - Information] Download (0x00036800): Success.
[2025-12-16 23:52:42:939][BMCommand   ][3 - Information] Download (0x00037000): Success.
[2025-12-16 23:52:42:944][BMCommand   ][3 - Information] Download (0x00037800): Success.
[2025-12-16 23:52:42:949][BMCommand   ][3 - Information] Download (0x00038000): Success.
[2025-12-16 23:52:42:954][BMCommand   ][3 - Information] Download (0x00038800): Success.
[2025-12-16 23:52:42:959][BMCommand   ][3 - Information] Download (0x00039000): Success.
[2025-12-16 23:52:42:964][BMCommand   ][3 - Information] Download (0x00039800): Success.
[2025-12-16 23:52:42:970][BMCommand   ][3 - Information] Download (0x0003A000): Success.
[2025-12-16 23:52:42:975][BMCommand   ][3 - Information] Download (0x0003A800): Success.
[2025-12-16 23:52:42:980][BMCommand   ][3 - Information] Download (0x0003B000): Success.
[2025-12-16 23:52:42:982][BMCommand   ][3 - Information] Download (0x0003B360): Success.
[2025-12-16 23:52:43:832][BMCommand   ][3 - Information] End Data: Success.
[2025-12-16 23:52:43:832][BMCommand   ][3 - Information] Download ---
[2025-12-16 23:52:43:832][BMCommand   ][3 - Information] [INFO] FileID=PS, operations for file type DONOTHING 
[2025-12-16 23:52:43:833][BMCommand   ][3 - Information] DoNothing +++
[2025-12-16 23:52:43:833][BMCommand   ][3 - Information] DoNothing ---
[2025-12-16 23:52:43:833][BMCommand   ][3 - Information] [INFO] FileID=SFFS, operations for file type DONOTHING 
[2025-12-16 23:52:43:833][BMCommand   ][3 - Information] DoNothing +++
[2025-12-16 23:52:43:833][BMCommand   ][3 - Information] DoNothing ---
[2025-12-16 23:52:43:834][BMCommand   ][3 - Information] [INFO] FileID=FLASH, operations for file type DONOTHING 
[2025-12-16 23:52:43:834][BMCommand   ][3 - Information] DoNothing +++
[2025-12-16 23:52:43:834][BMCommand   ][3 - Information] DoNothing ---
[2025-12-16 23:52:43:835][BMCommand   ][3 - Information] [INFO] FileID=NV, operations for file type DONOTHING 
[2025-12-16 23:52:43:835][BMCommand   ][3 - Information] DoNothing +++
[2025-12-16 23:52:43:835][BMCommand   ][3 - Information] DoNothing ---
[2025-12-16 23:52:43:835][BMCommand   ][3 - Information] [INFO] FileID=_RESET_, operations for file type Reset 
[2025-12-16 23:52:43:836][BMCommand   ][3 - Information] Reset +++
[2025-12-16 23:52:43:837][BMCommand   ][3 - Information] Reset: Success.
[2025-12-16 23:52:43:837][BMCommand   ][3 - Information] Reset ---
[2025-12-16 23:52:43:837][BMCommand   ][3 - Information] Disconnect Channel +++
[2025-12-16 23:52:43:839][BMCommand   ][3 - Information] Disconnect Channel ---
[2025-12-16 23:52:43:839][BMCommand   ][3 - Information] Finish Successful.
